{
  "RSpec": {
    "coverage": {
      "/home/johngray/workspace/piawe/lib/piawe.rb": [
        1,
        1,
        1,
        1,
        1,
        1,
        null,
        null,
        1,
        null,
        1,
        null,
        null,
        null,
        null,
        null,
        null,
        null,
        null,
        null,
        null,
        null,
        null,
        null,
        null,
        null,
        null,
        null,
        null,
        null,
        null,
        null,
        null,
        null,
        null,
        null,
        null,
        null,
        null,
        null,
        null,
        null,
        null,
        null,
        null,
        null,
        null,
        null,
        null,
        null,
        null,
        null,
        null,
        null,
        null,
        null,
        null,
        null,
        null,
        null,
        1,
        45,
        225,
        null,
        null,
        null,
        null,
        null,
        null,
        null,
        null,
        null,
        1,
        null,
        null,
        168,
        42,
        null,
        null,
        null,
        null,
        null,
        1,
        null,
        1,
        686,
        null,
        null,
        null,
        1,
        null,
        177,
        176,
        175,
        175,
        175,
        null,
        1,
        null,
        174,
        174,
        177,
        null,
        null,
        null,
        1,
        176,
        175,
        173,
        null,
        null,
        null,
        1,
        350,
        null,
        null,
        null,
        1,
        304,
        null,
        null,
        null,
        1,
        350,
        null,
        null,
        null,
        1,
        304,
        null,
        null,
        null,
        1,
        1308,
        1304,
        1296,
        null,
        null,
        null,
        null,
        null,
        null,
        null
      ],
      "/home/johngray/workspace/piawe/lib/piawe/version.rb": [
        1,
        1,
        null
      ],
      "/home/johngray/workspace/piawe/lib/piawe/rule_set.rb": [
        1,
        1,
        null,
        null,
        1,
        null,
        1,
        null,
        null,
        null,
        null,
        null,
        null,
        null,
        null,
        null,
        null,
        null,
        null,
        null,
        null,
        null,
        null,
        null,
        null,
        null,
        null,
        null,
        null,
        null,
        null,
        null,
        null,
        null,
        1,
        59,
        58,
        57,
        273,
        null,
        53,
        null,
        null,
        null,
        null,
        null,
        null,
        null,
        null,
        null,
        null,
        null,
        null,
        null,
        1,
        170,
        513,
        null,
        null,
        0,
        null,
        null,
        null,
        null,
        null,
        null,
        1,
        null,
        null,
        1,
        null,
        273,
        273,
        216,
        215,
        null,
        57,
        null,
        269,
        null,
        null,
        null,
        1,
        1208,
        null,
        null,
        null,
        null,
        null,
        null,
        null,
        1,
        null,
        1,
        null,
        280,
        278,
        1020,
        null,
        null,
        null,
        1,
        null,
        150,
        null,
        225,
        225,
        1978,
        null,
        null,
        null,
        1,
        null,
        283,
        281,
        279,
        882,
        null,
        null,
        null,
        1,
        354,
        353,
        352,
        null,
        null,
        null,
        1,
        354,
        353,
        352,
        null,
        null,
        null,
        null,
        null,
        1,
        517,
        null,
        null,
        null,
        517,
        null,
        517,
        null,
        null,
        null,
        1,
        null,
        null,
        null,
        174,
        174,
        348,
        174,
        null,
        null,
        null,
        1,
        null,
        null,
        null,
        null,
        null,
        null,
        null,
        null,
        null,
        null,
        172,
        null,
        null,
        null,
        null,
        null,
        null,
        null,
        null,
        null,
        null
      ],
      "/home/johngray/workspace/piawe/lib/piawe/file_parser.rb": [
        null,
        1,
        null,
        null,
        null,
        null,
        null,
        null,
        null,
        null,
        null,
        null,
        1,
        11,
        11,
        11,
        null,
        null,
        null,
        1,
        11,
        null,
        null,
        1,
        null,
        1,
        11,
        null,
        null,
        null,
        1,
        11,
        null,
        null,
        null,
        1,
        11,
        null,
        null,
        null,
        1,
        9,
        null,
        null,
        null,
        1,
        9,
        null,
        null,
        null,
        1,
        9,
        null,
        null,
        null,
        1,
        7,
        6,
        6,
        6,
        null,
        2,
        null,
        4,
        null,
        null,
        null
      ],
      "/home/johngray/workspace/piawe/spec/piawe_spec.rb": [
        1,
        null,
        null,
        1,
        null,
        1,
        7,
        null,
        null,
        null,
        null,
        null,
        null,
        null,
        null,
        null,
        1,
        6,
        null,
        null,
        null,
        null,
        null,
        null,
        null,
        null,
        null,
        1,
        6,
        null,
        null,
        null,
        null,
        null,
        null,
        null,
        null,
        null,
        1,
        6,
        null,
        null,
        null,
        1,
        2,
        2,
        2,
        2,
        2,
        2,
        2,
        null,
        null,
        null,
        1,
        3,
        3,
        3,
        3,
        3,
        3,
        null,
        null,
        null,
        1,
        3,
        3,
        3,
        3,
        3,
        3,
        null,
        null,
        null,
        1,
        3,
        3,
        3,
        3,
        3,
        3,
        null,
        null,
        null,
        null,
        null,
        null,
        null,
        1,
        null,
        1,
        38,
        null,
        null,
        1,
        null,
        38,
        null,
        null,
        null,
        null,
        null,
        null,
        null,
        1,
        null,
        38,
        null,
        null,
        null,
        null,
        null,
        null,
        null,
        null,
        1,
        38,
        null,
        null,
        null,
        1,
        38,
        null,
        null,
        1,
        1,
        null,
        null,
        null,
        1,
        2,
        2,
        null,
        2,
        2,
        2,
        2,
        2,
        2,
        2,
        2,
        2,
        null,
        2,
        2,
        2,
        2,
        2,
        2,
        2,
        2,
        2,
        null,
        2,
        2,
        2,
        2,
        2,
        2,
        2,
        2,
        2,
        null,
        2,
        2,
        2,
        2,
        2,
        2,
        2,
        2,
        2,
        null,
        null,
        null,
        null,
        null
      ],
      "/home/johngray/workspace/piawe/spec/rule_set_spec.rb": [
        1,
        null,
        1,
        null,
        1,
        8,
        null,
        null,
        null,
        null,
        null,
        null,
        1,
        4,
        null,
        null,
        null,
        null,
        null,
        null,
        1,
        4,
        null,
        null,
        1,
        4,
        null,
        null,
        1,
        4,
        null,
        null,
        null,
        null,
        null,
        4,
        null,
        null,
        null,
        1,
        2,
        null,
        null,
        null,
        null,
        null,
        null,
        null,
        1,
        2,
        null,
        null,
        null,
        null,
        null,
        null,
        null,
        1,
        2,
        2,
        2,
        2,
        null,
        null,
        null,
        1,
        3,
        3,
        3,
        3,
        null,
        null,
        null,
        1,
        3,
        3,
        3,
        3,
        null,
        null,
        1,
        2,
        2,
        2,
        null,
        null,
        1,
        2,
        null,
        null,
        null,
        1,
        2,
        2,
        null,
        null,
        null,
        1,
        2,
        2,
        null,
        null,
        null,
        null,
        null,
        null,
        null,
        null,
        1,
        null,
        1,
        null,
        1,
        null,
        null,
        null,
        null,
        null,
        null,
        null,
        null,
        1,
        null,
        1,
        null,
        null,
        null,
        null,
        null,
        null,
        null,
        null,
        1,
        null,
        1,
        null,
        null,
        null,
        null,
        null,
        null,
        null,
        null,
        1,
        null,
        1,
        null,
        null,
        null,
        null,
        null,
        null,
        null,
        1,
        null,
        1,
        null,
        null,
        null,
        null,
        null,
        null,
        null,
        null,
        1,
        null,
        7,
        null,
        null,
        null,
        null,
        null,
        null,
        null,
        null,
        8,
        null,
        1,
        2,
        null,
        null,
        1,
        1,
        null,
        null,
        null,
        null,
        null,
        1,
        null,
        null,
        null,
        1,
        1,
        null,
        null,
        null,
        null,
        null,
        1,
        null,
        null,
        null,
        1,
        3,
        null,
        null,
        1,
        3,
        null,
        null,
        1,
        3,
        null,
        null,
        1,
        3,
        null,
        null,
        1,
        3,
        null,
        null,
        1,
        3,
        null,
        null,
        1,
        3,
        null,
        null,
        1,
        2,
        2,
        2,
        2,
        2,
        2,
        2,
        null,
        null,
        null,
        null,
        null,
        null,
        null
      ]
    },
    "timestamp": 1489447231
  }
}
